#
# There is insufficient memory for the Java Runtime Environment to continue.
# Native memory allocation (malloc) failed to allocate 1048576 bytes. Error detail: AllocateHeap
# Possible reasons:
#   The system is out of physical RAM or swap space
#   This process is running with CompressedOops enabled, and the Java Heap may be blocking the growth of the native heap
# Possible solutions:
#   Reduce memory load on the system
#   Increase physical memory or swap space
#   Check if swap backing store is full
#   Decrease Java heap size (-Xmx/-Xms)
#   Decrease number of Java threads
#   Decrease Java thread stack sizes (-Xss)
#   Set larger code cache with -XX:ReservedCodeCacheSize=
#   JVM is running with Unscaled Compressed Oops mode in which the Java heap is
#     placed in the first 4GB address space. The Java Heap base address is the
#     maximum limit for the native heap growth. Please use -XX:HeapBaseMinAddress
#     to set the Java Heap base and to place the Java Heap above 4GB virtual address.
# This output file may be truncated or incomplete.
#
#  Out of Memory Error (allocation.cpp:44), pid=24872, tid=23652
#
# JRE version: OpenJDK Runtime Environment Temurin-21.0.8+9 (21.0.8+9) (build 21.0.8+9-LTS)
# Java VM: OpenJDK 64-Bit Server VM Temurin-21.0.8+9 (21.0.8+9-LTS, mixed mode, sharing, tiered, compressed oops, compressed class ptrs, parallel gc, windows-amd64)
# No core dump will be written. Minidumps are not enabled by default on client versions of Windows
#

---------------  S U M M A R Y ------------

Command Line: --add-modules=ALL-SYSTEM --add-opens=java.base/java.util=ALL-UNNAMED --add-opens=java.base/java.lang=ALL-UNNAMED --add-opens=java.base/sun.nio.fs=ALL-UNNAMED -Declipse.application=org.eclipse.jdt.ls.core.id1 -Dosgi.bundles.defaultStartLevel=4 -Declipse.product=org.eclipse.jdt.ls.core.product -Djava.import.generatesMetadataFilesAtProjectRoot=false -DDetectVMInstallationsJob.disabled=true -Dfile.encoding=utf8 -XX:+UseParallelGC -XX:GCTimeRatio=4 -XX:AdaptiveSizePolicyWeight=90 -Dsun.zip.disableMemoryMapping=true -Xmx2G -Xms100m -Xlog:disable -javaagent:c:\Users\PHONG\.vscode\extensions\redhat.java-1.44.0-win32-x64\lombok\lombok-1.18.39-4050.jar -XX:+HeapDumpOnOutOfMemoryError -XX:HeapDumpPath=c:\Users\PHONG\AppData\Roaming\Code\User\workspaceStorage\0b8d90799894e66a5c234ba1ff12f555\redhat.java -Daether.dependencyCollector.impl=bf c:\Users\PHONG\.vscode\extensions\redhat.java-1.44.0-win32-x64\server\plugins\org.eclipse.equinox.launcher_1.7.0.v20250519-0528.jar -configuration c:\Users\PHONG\AppData\Roaming\Code\User\globalStorage\redhat.java\1.44.0\config_win -data c:\Users\PHONG\AppData\Roaming\Code\User\workspaceStorage\0b8d90799894e66a5c234ba1ff12f555\redhat.java\jdt_ws --pipe=\\.\pipe\lsp-ecc48af0d8de98e0c0c0c00efee1c6aa-sock

Host: AMD Ryzen 7 6800H with Radeon Graphics         , 16 cores, 7G,  Windows 11 , 64 bit Build 26100 (10.0.26100.4768)
Time: Sat Aug  2 15:21:03 2025 SE Asia Standard Time elapsed time: 5528.481761 seconds (0d 1h 32m 8s)

---------------  T H R E A D  ---------------

Current thread (0x000001c06c66a900):  JavaThread "Attach Listener" daemon [_thread_in_vm, id=23652, stack(0x0000009029c00000,0x0000009029d00000) (1024K)]

Stack: [0x0000009029c00000,0x0000009029d00000]
Native frames: (J=compiled Java code, j=interpreted, Vv=VM code, C=native code)
V  [jvm.dll+0x6d2449]
V  [jvm.dll+0x8ae341]
V  [jvm.dll+0x8b08be]
V  [jvm.dll+0x8b0fa3]
V  [jvm.dll+0x280c96]
V  [jvm.dll+0xc0347]
V  [jvm.dll+0x6d2cf9]
V  [jvm.dll+0x131116]
V  [jvm.dll+0x3f2d16]
V  [jvm.dll+0x857e6b]
V  [jvm.dll+0x6d0b0d]
C  [ucrtbase.dll+0x37b0]
C  [KERNEL32.DLL+0x2e8d7]
C  [ntdll.dll+0x3c34c]


---------------  P R O C E S S  ---------------

Threads class SMR info:
_java_thread_list=0x000001c04154d590, length=52, elements={
0x000001c05461c790, 0x000001c06c663f40, 0x000001c06c667160, 0x000001c06c669900,
0x000001c06c66a900, 0x000001c06c66b550, 0x000001c06c66dfb0, 0x000001c06c670df0,
0x000001c06c69e580, 0x000001c06c7a3a40, 0x000001c06c9b26d0, 0x000001c07248c430,
0x000001c0723c65a0, 0x000001c0722d10f0, 0x000001c072488c10, 0x000001c072290010,
0x000001c0724d8fc0, 0x000001c0726f9220, 0x000001c0726fb2f0, 0x000001c0726fac60,
0x000001c074ccd0c0, 0x000001c074ccb680, 0x000001c074ccbd10, 0x000001c074ccc3a0,
0x000001c074ccd750, 0x000001c074cca2d0, 0x000001c074ccdde0, 0x000001c074cca960,
0x000001c074ccaff0, 0x000001c074ccfeb0, 0x000001c074cceb00, 0x000001c074ccf190,
0x000001c074cce470, 0x000001c074cd18f0, 0x000001c074cd0540, 0x000001c074ccf820,
0x000001c074cd0bd0, 0x000001c074cd1260, 0x000001c074939130, 0x000001c0749397c0,
0x000001c07e0f3ea0, 0x000001c07e0efd00, 0x000001c07e0ef670, 0x000001c07e0f3180,
0x000001c073090170, 0x000001c073090800, 0x000001c0730956c0, 0x000001c0730963e0,
0x000001c07493b200, 0x000001c074937d80, 0x000001c07e0f5f70, 0x000001c07e10f890
}

Java Threads: ( => current thread )
  0x000001c05461c790 JavaThread "main"                              [_thread_blocked, id=4780, stack(0x0000009029500000,0x0000009029600000) (1024K)]
  0x000001c06c663f40 JavaThread "Reference Handler"          daemon [_thread_blocked, id=5156, stack(0x0000009029900000,0x0000009029a00000) (1024K)]
  0x000001c06c667160 JavaThread "Finalizer"                  daemon [_thread_blocked, id=26560, stack(0x0000009029a00000,0x0000009029b00000) (1024K)]
  0x000001c06c669900 JavaThread "Signal Dispatcher"          daemon [_thread_blocked, id=21868, stack(0x0000009029b00000,0x0000009029c00000) (1024K)]
=>0x000001c06c66a900 JavaThread "Attach Listener"            daemon [_thread_in_vm, id=23652, stack(0x0000009029c00000,0x0000009029d00000) (1024K)]
  0x000001c06c66b550 JavaThread "Service Thread"             daemon [_thread_blocked, id=16468, stack(0x0000009029d00000,0x0000009029e00000) (1024K)]
  0x000001c06c66dfb0 JavaThread "Monitor Deflation Thread"   daemon [_thread_blocked, id=22196, stack(0x0000009029e00000,0x0000009029f00000) (1024K)]
  0x000001c06c670df0 JavaThread "C2 CompilerThread0"         daemon [_thread_blocked, id=20964, stack(0x0000009029f00000,0x000000902a000000) (1024K)]
  0x000001c06c69e580 JavaThread "C1 CompilerThread0"         daemon [_thread_blocked, id=19868, stack(0x000000902a000000,0x000000902a100000) (1024K)]
  0x000001c06c7a3a40 JavaThread "Common-Cleaner"             daemon [_thread_blocked, id=1068, stack(0x000000902a100000,0x000000902a200000) (1024K)]
  0x000001c06c9b26d0 JavaThread "Notification Thread"        daemon [_thread_blocked, id=19140, stack(0x000000902a200000,0x000000902a300000) (1024K)]
  0x000001c07248c430 JavaThread "Active Thread: Equinox Container: 202b5b31-0ff6-47d2-9d68-7cf7aee19f82"        [_thread_blocked, id=21084, stack(0x000000902a900000,0x000000902aa00000) (1024K)]
  0x000001c0723c65a0 JavaThread "Refresh Thread: Equinox Container: 202b5b31-0ff6-47d2-9d68-7cf7aee19f82" daemon [_thread_blocked, id=25176, stack(0x000000902ab00000,0x000000902ac00000) (1024K)]
  0x000001c0722d10f0 JavaThread "Framework Event Dispatcher: Equinox Container: 202b5b31-0ff6-47d2-9d68-7cf7aee19f82" daemon [_thread_blocked, id=8656, stack(0x000000902ac00000,0x000000902ad00000) (1024K)]
  0x000001c072488c10 JavaThread "Start Level: Equinox Container: 202b5b31-0ff6-47d2-9d68-7cf7aee19f82" daemon [_thread_blocked, id=26360, stack(0x000000902ad00000,0x000000902ae00000) (1024K)]
  0x000001c072290010 JavaThread "Bundle File Closer"         daemon [_thread_blocked, id=24532, stack(0x000000902b100000,0x000000902b200000) (1024K)]
  0x000001c0724d8fc0 JavaThread "SCR Component Actor"        daemon [_thread_blocked, id=23804, stack(0x000000902b200000,0x000000902b300000) (1024K)]
  0x000001c0726f9220 JavaThread "Worker-JM"                         [_thread_blocked, id=19056, stack(0x000000902b800000,0x000000902b900000) (1024K)]
  0x000001c0726fb2f0 JavaThread "JNA Cleaner"                daemon [_thread_blocked, id=11576, stack(0x000000902bb00000,0x000000902bc00000) (1024K)]
  0x000001c0726fac60 JavaThread "Java indexing"              daemon [_thread_blocked, id=21848, stack(0x000000902be00000,0x000000902bf00000) (1024K)]
  0x000001c074ccd0c0 JavaThread "Thread-2"                   daemon [_thread_in_native, id=14076, stack(0x000000902c400000,0x000000902c500000) (1024K)]
  0x000001c074ccb680 JavaThread "Thread-3"                   daemon [_thread_in_native, id=25228, stack(0x000000902c500000,0x000000902c600000) (1024K)]
  0x000001c074ccbd10 JavaThread "Thread-4"                   daemon [_thread_in_native, id=6640, stack(0x000000902c600000,0x000000902c700000) (1024K)]
  0x000001c074ccc3a0 JavaThread "Thread-5"                   daemon [_thread_in_native, id=23000, stack(0x000000902c700000,0x000000902c800000) (1024K)]
  0x000001c074ccd750 JavaThread "Thread-6"                   daemon [_thread_in_native, id=15340, stack(0x000000902c800000,0x000000902c900000) (1024K)]
  0x000001c074cca2d0 JavaThread "Thread-7"                   daemon [_thread_in_native, id=25936, stack(0x000000902c900000,0x000000902ca00000) (1024K)]
  0x000001c074ccdde0 JavaThread "Thread-8"                   daemon [_thread_in_native, id=12108, stack(0x000000902ca00000,0x000000902cb00000) (1024K)]
  0x000001c074cca960 JavaThread "Thread-9"                   daemon [_thread_in_native, id=3092, stack(0x000000902cb00000,0x000000902cc00000) (1024K)]
  0x000001c074ccaff0 JavaThread "Thread-10"                  daemon [_thread_in_native, id=26164, stack(0x000000902cc00000,0x000000902cd00000) (1024K)]
  0x000001c074ccfeb0 JavaThread "Thread-11"                  daemon [_thread_in_native, id=25816, stack(0x000000902cd00000,0x000000902ce00000) (1024K)]
  0x000001c074cceb00 JavaThread "Thread-12"                  daemon [_thread_in_native, id=24488, stack(0x000000902ce00000,0x000000902cf00000) (1024K)]
  0x000001c074ccf190 JavaThread "Thread-13"                  daemon [_thread_in_native, id=25768, stack(0x000000902cf00000,0x000000902d000000) (1024K)]
  0x000001c074cce470 JavaThread "Thread-14"                  daemon [_thread_in_native, id=4548, stack(0x000000902d000000,0x000000902d100000) (1024K)]
  0x000001c074cd18f0 JavaThread "Thread-15"                  daemon [_thread_in_native, id=17924, stack(0x000000902d100000,0x000000902d200000) (1024K)]
  0x000001c074cd0540 JavaThread "Thread-16"                  daemon [_thread_in_native, id=2852, stack(0x000000902d200000,0x000000902d300000) (1024K)]
  0x000001c074ccf820 JavaThread "Thread-17"                  daemon [_thread_in_native, id=23264, stack(0x000000902d300000,0x000000902d400000) (1024K)]
  0x000001c074cd0bd0 JavaThread "Thread-18"                  daemon [_thread_in_native, id=17760, stack(0x000000902d400000,0x000000902d500000) (1024K)]
  0x000001c074cd1260 JavaThread "pool-2-thread-1"                   [_thread_blocked, id=24536, stack(0x000000902d500000,0x000000902d600000) (1024K)]
  0x000001c074939130 JavaThread "WorkspaceEventsHandler"            [_thread_blocked, id=12808, stack(0x000000902d600000,0x000000902d700000) (1024K)]
  0x000001c0749397c0 JavaThread "pool-1-thread-1"                   [_thread_blocked, id=25624, stack(0x000000902d700000,0x000000902d800000) (1024K)]
  0x000001c07e0f3ea0 JavaThread "Cleaner-0"                  daemon [_thread_blocked, id=21184, stack(0x0000009031500000,0x0000009031600000) (1024K)]
  0x000001c07e0efd00 JavaThread "ForkJoinPool.commonPool-worker-28" daemon [_thread_blocked, id=25820, stack(0x000000902b700000,0x000000902b800000) (1024K)]
  0x000001c07e0ef670 JavaThread "ForkJoinPool.commonPool-worker-32" daemon [_thread_blocked, id=8140, stack(0x000000902c300000,0x000000902c400000) (1024K)]
  0x000001c07e0f3180 JavaThread "ForkJoinPool.commonPool-worker-34" daemon [_thread_blocked, id=6980, stack(0x000000902da00000,0x000000902db00000) (1024K)]
  0x000001c073090170 JavaThread "ForkJoinPool.commonPool-worker-38" daemon [_thread_blocked, id=20520, stack(0x000000902bf00000,0x000000902c000000) (1024K)]
  0x000001c073090800 JavaThread "ForkJoinPool.commonPool-worker-39" daemon [_thread_blocked, id=24364, stack(0x000000902dc00000,0x000000902dd00000) (1024K)]
  0x000001c0730956c0 JavaThread "ForkJoinPool.commonPool-worker-37" daemon [_thread_blocked, id=23840, stack(0x000000902de00000,0x000000902df00000) (1024K)]
  0x000001c0730963e0 JavaThread "ForkJoinPool.commonPool-worker-41" daemon [_thread_blocked, id=24720, stack(0x000000902df00000,0x000000902e000000) (1024K)]
  0x000001c07493b200 JavaThread "ForkJoinPool.commonPool-worker-44" daemon [_thread_blocked, id=22800, stack(0x000000902e200000,0x000000902e300000) (1024K)]
  0x000001c074937d80 JavaThread "ForkJoinPool.commonPool-worker-42" daemon [_thread_blocked, id=13828, stack(0x000000902e300000,0x000000902e400000) (1024K)]
  0x000001c07e0f5f70 JavaThread "Worker-38"                         [_thread_blocked, id=24056, stack(0x000000902e400000,0x000000902e500000) (1024K)]
  0x000001c07e10f890 JavaThread "Worker-40"                         [_thread_blocked, id=2548, stack(0x000000902e500000,0x000000902e600000) (1024K)]
Total: 52

Other Threads:
  0x000001c06b0a4920 VMThread "VM Thread"                           [id=25764, stack(0x0000009029800000,0x0000009029900000) (1024K)]
  0x000001c06af9ca00 WatcherThread "VM Periodic Task Thread"        [id=9404, stack(0x0000009029700000,0x0000009029800000) (1024K)]
  0x000001c05463a2f0 WorkerThread "GC Thread#0"                     [id=18636, stack(0x0000009029600000,0x0000009029700000) (1024K)]
  0x000001c072466840 WorkerThread "GC Thread#1"                     [id=17376, stack(0x000000902a300000,0x000000902a400000) (1024K)]
  0x000001c0722d8700 WorkerThread "GC Thread#2"                     [id=6376, stack(0x000000902a400000,0x000000902a500000) (1024K)]
  0x000001c0722d8aa0 WorkerThread "GC Thread#3"                     [id=3680, stack(0x000000902a500000,0x000000902a600000) (1024K)]
  0x000001c0722d8e40 WorkerThread "GC Thread#4"                     [id=8792, stack(0x000000902a600000,0x000000902a700000) (1024K)]
  0x000001c0723db840 WorkerThread "GC Thread#5"                     [id=10572, stack(0x000000902a700000,0x000000902a800000) (1024K)]
  0x000001c0723dad60 WorkerThread "GC Thread#6"                     [id=25008, stack(0x000000902a800000,0x000000902a900000) (1024K)]
  0x000001c0723d9ee0 WorkerThread "GC Thread#7"                     [id=7744, stack(0x000000902aa00000,0x000000902ab00000) (1024K)]
  0x000001c0723db100 WorkerThread "GC Thread#8"                     [id=1088, stack(0x000000902ae00000,0x000000902af00000) (1024K)]
  0x000001c0723da280 WorkerThread "GC Thread#9"                     [id=24304, stack(0x000000902af00000,0x000000902b000000) (1024K)]
  0x000001c0723db4a0 WorkerThread "GC Thread#10"                    [id=23856, stack(0x000000902b000000,0x000000902b100000) (1024K)]
  0x000001c072924d30 WorkerThread "GC Thread#11"                    [id=18764, stack(0x000000902b600000,0x000000902b700000) (1024K)]
  0x000001c072923b10 WorkerThread "GC Thread#12"                    [id=6016, stack(0x000000902ba00000,0x000000902bb00000) (1024K)]
Total: 15

Threads with active compile tasks:
Total: 0

VM state: not at safepoint (normal execution)

VM Mutex/Monitor currently owned by a thread: None

Heap address: 0x0000000080000000, size: 2048 MB, Compressed Oops mode: 32-bit

CDS archive(s) mapped at: [0x000001c000000000-0x000001c000ba0000-0x000001c000ba0000), size 12189696, SharedBaseAddress: 0x000001c000000000, ArchiveRelocationMode: 1.
Compressed class space mapped at: 0x000001c001000000-0x000001c041000000, reserved size: 1073741824
Narrow klass base: 0x000001c000000000, Narrow klass shift: 0, Narrow klass range: 0x100000000

GC Precious Log:
 CardTable entry size: 512
 CPUs: 16 total, 16 available
 Memory: 7365M
 Large Page Support: Disabled
 NUMA Support: Disabled
 Compressed Oops: Enabled (32-bit)
 Alignments: Space 512K, Generation 512K, Heap 2M
 Heap Min Capacity: 100M
 Heap Initial Capacity: 100M
 Heap Max Capacity: 2G
 Pre-touch: Disabled
 Parallel Workers: 13

Heap:
 PSYoungGen      total 6656K, used 3965K [0x00000000d5580000, 0x00000000d5e80000, 0x0000000100000000)
  eden space 6144K, 58% used [0x00000000d5580000,0x00000000d58ff4f8,0x00000000d5b80000)
  from space 512K, 75% used [0x00000000d5e00000,0x00000000d5e60000,0x00000000d5e80000)
  to   space 1024K, 0% used [0x00000000d5c80000,0x00000000d5c80000,0x00000000d5d80000)
 ParOldGen       total 1132544K, used 1132377K [0x0000000080000000, 0x00000000c5200000, 0x00000000d5580000)
  object space 1132544K, 99% used [0x0000000080000000,0x00000000c51d6608,0x00000000c5200000)
 Metaspace       used 92618K, committed 94272K, reserved 1179648K
  class space    used 8983K, committed 9728K, reserved 1048576K

Card table byte_map: [0x000001c053fc0000,0x000001c0543d0000] _byte_map_base: 0x000001c053bc0000

Marking Bits: (ParMarkBitMap*) 0x00007ffab948a340
 Begin Bits: [0x000001c066ac0000, 0x000001c068ac0000)
 End Bits:   [0x000001c068ac0000, 0x000001c06aac0000)

Polling page: 0x000001c052270000

Metaspace:

Usage:
  Non-class:     81.67 MB used.
      Class:      8.77 MB used.
       Both:     90.45 MB used.

Virtual space:
  Non-class space:      128.00 MB reserved,      82.56 MB ( 65%) committed,  2 nodes.
      Class space:        1.00 GB reserved,       9.50 MB ( <1%) committed,  1 nodes.
             Both:        1.12 GB reserved,      92.06 MB (  8%) committed. 

Chunk freelists:
   Non-Class:  12.54 MB
       Class:  6.42 MB
        Both:  18.96 MB

MaxMetaspaceSize: unlimited
CompressedClassSpaceSize: 1.00 GB
Initial GC threshold: 21.00 MB
Current GC threshold: 151.81 MB
CDS: on
 - commit_granule_bytes: 65536.
 - commit_granule_words: 8192.
 - virtual_space_node_default_size: 8388608.
 - enlarge_chunks_in_place: 1.
 - use_allocation_guard: 0.


Internal statistics:

num_allocs_failed_limit: 11.
num_arena_births: 1968.
num_arena_deaths: 472.
num_vsnodes_births: 3.
num_vsnodes_deaths: 0.
num_space_committed: 1472.
num_space_uncommitted: 0.
num_chunks_returned_to_freelist: 551.
num_chunks_taken_from_freelist: 6796.
num_chunk_merges: 146.
num_chunk_splits: 3946.
num_chunks_enlarged: 2232.
num_inconsistent_stats: 0.

CodeHeap 'non-profiled nmethods': size=119168Kb used=25786Kb max_used=26832Kb free=93381Kb
 bounds [0x000001c05f3b0000, 0x000001c060df0000, 0x000001c066810000]
CodeHeap 'profiled nmethods': size=119104Kb used=41932Kb max_used=54785Kb free=77171Kb
 bounds [0x000001c057810000, 0x000001c05ada0000, 0x000001c05ec60000]
CodeHeap 'non-nmethods': size=7488Kb used=1525Kb max_used=3262Kb free=5962Kb
 bounds [0x000001c05ec60000, 0x000001c05f010000, 0x000001c05f3b0000]
CodeCache: size=245760Kb, used=69243Kb, max_used=84879Kb, free=176514Kb
 total_blobs=20521, nmethods=19675, adapters=747, full_count=0
Compilation: enabled, stopped_count=0, restarted_count=0

Compilation events (20 events):
Event: 5135.286 Thread 0x000001c06c69e580 nmethod 33830 0x000001c058672690 code [0x000001c0586728a0, 0x000001c058672de8]
Event: 5135.290 Thread 0x000001c06c670df0 nmethod 33829 0x000001c060396790 code [0x000001c0603969e0, 0x000001c060397240]
Event: 5146.106 Thread 0x000001c06c69e580 33831       3       sun.nio.fs.NativeBuffer::free (10 bytes)
Event: 5146.107 Thread 0x000001c06c69e580 nmethod 33831 0x000001c058671f10 code [0x000001c058672100, 0x000001c058672500]
Event: 5184.966 Thread 0x000001c06c69e580 33832       3       sun.nio.fs.NativeBuffer$Deallocator::run (11 bytes)
Event: 5184.993 Thread 0x000001c06c69e580 nmethod 33832 0x000001c058671890 code [0x000001c058671a60, 0x000001c058671d80]
Event: 5224.599 Thread 0x000001c06c69e580 33833       3       org.eclipse.jdt.internal.core.JavaProject::isOnClasspathEntry (106 bytes)
Event: 5225.338 Thread 0x000001c06c69e580 nmethod 33833 0x000001c05874ea10 code [0x000001c05874ed00, 0x000001c05874fa50]
Event: 5226.813 Thread 0x000001c06c69e580 33835       3       org.eclipse.jdt.internal.core.JavaElementDelta::addNewChild (52 bytes)
Event: 5226.836 Thread 0x000001c06c69e580 nmethod 33835 0x000001c058e1e490 code [0x000001c058e1e6a0, 0x000001c058e1ecf8]
Event: 5226.836 Thread 0x000001c06c69e580 33837   !   3       java.util.concurrent.CopyOnWriteArrayList::remove (97 bytes)
Event: 5226.965 Thread 0x000001c06c69e580 nmethod 33837 0x000001c058e1d910 code [0x000001c058e1db00, 0x000001c058e1e138]
Event: 5226.965 Thread 0x000001c06c69e580 33836       3       org.eclipse.core.internal.events.ResourceChangeListenerList::removing (100 bytes)
Event: 5226.968 Thread 0x000001c06c69e580 nmethod 33836 0x000001c0598feb10 code [0x000001c0598fecc0, 0x000001c0598fef58]
Event: 5280.701 Thread 0x000001c06c69e580 33838   !   3       java.util.logging.LogManager::getUserContext (118 bytes)
Event: 5280.719 Thread 0x000001c06c69e580 nmethod 33838 0x000001c0598fe590 code [0x000001c0598fe740, 0x000001c0598fe9b0]
Event: 5280.719 Thread 0x000001c06c69e580 33839       3       jdk.internal.access.SharedSecrets::getJavaAWTAccess (4 bytes)
Event: 5280.720 Thread 0x000001c06c69e580 nmethod 33839 0x000001c059930190 code [0x000001c059930320, 0x000001c059930418]
Event: 5499.712 Thread 0x000001c06c670df0 33840       4       java.util.concurrent.locks.AbstractQueuedSynchronizer$Node::clearStatus (12 bytes)
Event: 5499.726 Thread 0x000001c06c670df0 nmethod 33840 0x000001c060396490 code [0x000001c060396620, 0x000001c0603966b0]

GC Heap History (20 events):
Event: 5132.366 GC heap before
{Heap before GC invocations=4406 (full 8):
 PSYoungGen      total 6144K, used 5792K [0x00000000d5580000, 0x00000000d5d00000, 0x0000000100000000)
  eden space 5120K, 100% used [0x00000000d5580000,0x00000000d5a80000,0x00000000d5a80000)
  from space 1024K, 65% used [0x00000000d5c00000,0x00000000d5ca8000,0x00000000d5d00000)
  to   space 1024K, 0% used [0x00000000d5b00000,0x00000000d5b00000,0x00000000d5c00000)
 ParOldGen       total 1125888K, used 1125488K [0x0000000080000000, 0x00000000c4b80000, 0x00000000d5580000)
  object space 1125888K, 99% used [0x0000000080000000,0x00000000c4b1c1f8,0x00000000c4b80000)
 Metaspace       used 92588K, committed 94272K, reserved 1179648K
  class space    used 8981K, committed 9728K, reserved 1048576K
}
Event: 5132.368 GC heap after
{Heap after GC invocations=4406 (full 8):
 PSYoungGen      total 6144K, used 788K [0x00000000d5580000, 0x00000000d5c80000, 0x0000000100000000)
  eden space 5120K, 0% used [0x00000000d5580000,0x00000000d5580000,0x00000000d5a80000)
  from space 1024K, 77% used [0x00000000d5b00000,0x00000000d5bc5200,0x00000000d5c00000)
  to   space 512K, 0% used [0x00000000d5c00000,0x00000000d5c00000,0x00000000d5c80000)
 ParOldGen       total 1126400K, used 1125913K [0x0000000080000000, 0x00000000c4c00000, 0x00000000d5580000)
  object space 1126400K, 99% used [0x0000000080000000,0x00000000c4b86498,0x00000000c4c00000)
 Metaspace       used 92588K, committed 94272K, reserved 1179648K
  class space    used 8981K, committed 9728K, reserved 1048576K
}
Event: 5132.375 GC heap before
{Heap before GC invocations=4407 (full 8):
 PSYoungGen      total 6144K, used 5908K [0x00000000d5580000, 0x00000000d5c80000, 0x0000000100000000)
  eden space 5120K, 100% used [0x00000000d5580000,0x00000000d5a80000,0x00000000d5a80000)
  from space 1024K, 77% used [0x00000000d5b00000,0x00000000d5bc5200,0x00000000d5c00000)
  to   space 512K, 0% used [0x00000000d5c00000,0x00000000d5c00000,0x00000000d5c80000)
 ParOldGen       total 1126400K, used 1125913K [0x0000000080000000, 0x00000000c4c00000, 0x00000000d5580000)
  object space 1126400K, 99% used [0x0000000080000000,0x00000000c4b86498,0x00000000c4c00000)
 Metaspace       used 92588K, committed 94272K, reserved 1179648K
  class space    used 8981K, committed 9728K, reserved 1048576K
}
Event: 5132.376 GC heap after
{Heap after GC invocations=4407 (full 8):
 PSYoungGen      total 5632K, used 512K [0x00000000d5580000, 0x00000000d5d80000, 0x0000000100000000)
  eden space 5120K, 0% used [0x00000000d5580000,0x00000000d5580000,0x00000000d5a80000)
  from space 512K, 100% used [0x00000000d5c00000,0x00000000d5c80000,0x00000000d5c80000)
  to   space 1536K, 0% used [0x00000000d5a80000,0x00000000d5a80000,0x00000000d5c00000)
 ParOldGen       total 1126912K, used 1126823K [0x0000000080000000, 0x00000000c4c80000, 0x00000000d5580000)
  object space 1126912K, 99% used [0x0000000080000000,0x00000000c4c69ce8,0x00000000c4c80000)
 Metaspace       used 92588K, committed 94272K, reserved 1179648K
  class space    used 8981K, committed 9728K, reserved 1048576K
}
Event: 5133.069 GC heap before
{Heap before GC invocations=4408 (full 8):
 PSYoungGen      total 5632K, used 5631K [0x00000000d5580000, 0x00000000d5d80000, 0x0000000100000000)
  eden space 5120K, 99% used [0x00000000d5580000,0x00000000d5a7ffd0,0x00000000d5a80000)
  from space 512K, 100% used [0x00000000d5c00000,0x00000000d5c80000,0x00000000d5c80000)
  to   space 1536K, 0% used [0x00000000d5a80000,0x00000000d5a80000,0x00000000d5c00000)
 ParOldGen       total 1126912K, used 1126823K [0x0000000080000000, 0x00000000c4c80000, 0x00000000d5580000)
  object space 1126912K, 99% used [0x0000000080000000,0x00000000c4c69ce8,0x00000000c4c80000)
 Metaspace       used 92591K, committed 94272K, reserved 1179648K
  class space    used 8981K, committed 9728K, reserved 1048576K
}
Event: 5133.072 GC heap after
{Heap after GC invocations=4408 (full 8):
 PSYoungGen      total 6144K, used 794K [0x00000000d5580000, 0x00000000d5c80000, 0x0000000100000000)
  eden space 5120K, 0% used [0x00000000d5580000,0x00000000d5580000,0x00000000d5a80000)
  from space 1024K, 77% used [0x00000000d5a80000,0x00000000d5b46900,0x00000000d5b80000)
  to   space 1024K, 0% used [0x00000000d5b80000,0x00000000d5b80000,0x00000000d5c80000)
 ParOldGen       total 1127424K, used 1127314K [0x0000000080000000, 0x00000000c4d00000, 0x00000000d5580000)
  object space 1127424K, 99% used [0x0000000080000000,0x00000000c4ce4898,0x00000000c4d00000)
 Metaspace       used 92591K, committed 94272K, reserved 1179648K
  class space    used 8981K, committed 9728K, reserved 1048576K
}
Event: 5133.082 GC heap before
{Heap before GC invocations=4409 (full 8):
 PSYoungGen      total 6144K, used 5914K [0x00000000d5580000, 0x00000000d5c80000, 0x0000000100000000)
  eden space 5120K, 99% used [0x00000000d5580000,0x00000000d5a7fff0,0x00000000d5a80000)
  from space 1024K, 77% used [0x00000000d5a80000,0x00000000d5b46900,0x00000000d5b80000)
  to   space 1024K, 0% used [0x00000000d5b80000,0x00000000d5b80000,0x00000000d5c80000)
 ParOldGen       total 1127424K, used 1127314K [0x0000000080000000, 0x00000000c4d00000, 0x00000000d5580000)
  object space 1127424K, 99% used [0x0000000080000000,0x00000000c4ce4898,0x00000000c4d00000)
 Metaspace       used 92591K, committed 94272K, reserved 1179648K
  class space    used 8981K, committed 9728K, reserved 1048576K
}
Event: 5133.093 GC heap after
{Heap after GC invocations=4409 (full 8):
 PSYoungGen      total 6144K, used 848K [0x00000000d5580000, 0x00000000d5d80000, 0x0000000100000000)
  eden space 5120K, 0% used [0x00000000d5580000,0x00000000d5580000,0x00000000d5a80000)
  from space 1024K, 82% used [0x00000000d5b80000,0x00000000d5c54010,0x00000000d5c80000)
  to   space 1024K, 0% used [0x00000000d5a80000,0x00000000d5a80000,0x00000000d5b80000)
 ParOldGen       total 1127936K, used 1127812K [0x0000000080000000, 0x00000000c4d80000, 0x00000000d5580000)
  object space 1127936K, 99% used [0x0000000080000000,0x00000000c4d61308,0x00000000c4d80000)
 Metaspace       used 92591K, committed 94272K, reserved 1179648K
  class space    used 8981K, committed 9728K, reserved 1048576K
}
Event: 5133.113 GC heap before
{Heap before GC invocations=4410 (full 8):
 PSYoungGen      total 6144K, used 5968K [0x00000000d5580000, 0x00000000d5d80000, 0x0000000100000000)
  eden space 5120K, 100% used [0x00000000d5580000,0x00000000d5a80000,0x00000000d5a80000)
  from space 1024K, 82% used [0x00000000d5b80000,0x00000000d5c54010,0x00000000d5c80000)
  to   space 1024K, 0% used [0x00000000d5a80000,0x00000000d5a80000,0x00000000d5b80000)
 ParOldGen       total 1127936K, used 1127812K [0x0000000080000000, 0x00000000c4d80000, 0x00000000d5580000)
  object space 1127936K, 99% used [0x0000000080000000,0x00000000c4d61308,0x00000000c4d80000)
 Metaspace       used 92591K, committed 94272K, reserved 1179648K
  class space    used 8981K, committed 9728K, reserved 1048576K
}
Event: 5133.117 GC heap after
{Heap after GC invocations=4410 (full 8):
 PSYoungGen      total 6144K, used 976K [0x00000000d5580000, 0x00000000d5d80000, 0x0000000100000000)
  eden space 5120K, 0% used [0x00000000d5580000,0x00000000d5580000,0x00000000d5a80000)
  from space 1024K, 95% used [0x00000000d5a80000,0x00000000d5b74010,0x00000000d5b80000)
  to   space 1024K, 0% used [0x00000000d5c80000,0x00000000d5c80000,0x00000000d5d80000)
 ParOldGen       total 1128448K, used 1128446K [0x0000000080000000, 0x00000000c4e00000, 0x00000000d5580000)
  object space 1128448K, 99% used [0x0000000080000000,0x00000000c4dff938,0x00000000c4e00000)
 Metaspace       used 92591K, committed 94272K, reserved 1179648K
  class space    used 8981K, committed 9728K, reserved 1048576K
}
Event: 5133.134 GC heap before
{Heap before GC invocations=4411 (full 8):
 PSYoungGen      total 6144K, used 6086K [0x00000000d5580000, 0x00000000d5d80000, 0x0000000100000000)
  eden space 5120K, 99% used [0x00000000d5580000,0x00000000d5a7d958,0x00000000d5a80000)
  from space 1024K, 95% used [0x00000000d5a80000,0x00000000d5b74010,0x00000000d5b80000)
  to   space 1024K, 0% used [0x00000000d5c80000,0x00000000d5c80000,0x00000000d5d80000)
 ParOldGen       total 1128448K, used 1128446K [0x0000000080000000, 0x00000000c4e00000, 0x00000000d5580000)
  object space 1128448K, 99% used [0x0000000080000000,0x00000000c4dff938,0x00000000c4e00000)
 Metaspace       used 92591K, committed 94272K, reserved 1179648K
  class space    used 8981K, committed 9728K, reserved 1048576K
}
Event: 5133.138 GC heap after
{Heap after GC invocations=4411 (full 8):
 PSYoungGen      total 7168K, used 932K [0x00000000d5580000, 0x00000000d5d80000, 0x0000000100000000)
  eden space 6144K, 0% used [0x00000000d5580000,0x00000000d5580000,0x00000000d5b80000)
  from space 1024K, 91% used [0x00000000d5c80000,0x00000000d5d69210,0x00000000d5d80000)
  to   space 1024K, 0% used [0x00000000d5b80000,0x00000000d5b80000,0x00000000d5c80000)
 ParOldGen       total 1129472K, used 1129156K [0x0000000080000000, 0x00000000c4f00000, 0x00000000d5580000)
  object space 1129472K, 99% used [0x0000000080000000,0x00000000c4eb12f8,0x00000000c4f00000)
 Metaspace       used 92591K, committed 94272K, reserved 1179648K
  class space    used 8981K, committed 9728K, reserved 1048576K
}
Event: 5133.152 GC heap before
{Heap before GC invocations=4412 (full 8):
 PSYoungGen      total 7168K, used 7076K [0x00000000d5580000, 0x00000000d5d80000, 0x0000000100000000)
  eden space 6144K, 100% used [0x00000000d5580000,0x00000000d5b80000,0x00000000d5b80000)
  from space 1024K, 91% used [0x00000000d5c80000,0x00000000d5d69210,0x00000000d5d80000)
  to   space 1024K, 0% used [0x00000000d5b80000,0x00000000d5b80000,0x00000000d5c80000)
 ParOldGen       total 1129472K, used 1129156K [0x0000000080000000, 0x00000000c4f00000, 0x00000000d5580000)
  object space 1129472K, 99% used [0x0000000080000000,0x00000000c4eb12f8,0x00000000c4f00000)
 Metaspace       used 92591K, committed 94272K, reserved 1179648K
  class space    used 8981K, committed 9728K, reserved 1048576K
}
Event: 5133.157 GC heap after
{Heap after GC invocations=4412 (full 8):
 PSYoungGen      total 7168K, used 1008K [0x00000000d5580000, 0x00000000d6100000, 0x0000000100000000)
  eden space 6144K, 0% used [0x00000000d5580000,0x00000000d5580000,0x00000000d5b80000)
  from space 1024K, 98% used [0x00000000d5b80000,0x00000000d5c7c010,0x00000000d5c80000)
  to   space 2048K, 0% used [0x00000000d5f00000,0x00000000d5f00000,0x00000000d6100000)
 ParOldGen       total 1129984K, used 1129930K [0x0000000080000000, 0x00000000c4f80000, 0x00000000d5580000)
  object space 1129984K, 99% used [0x0000000080000000,0x00000000c4f72b28,0x00000000c4f80000)
 Metaspace       used 92591K, committed 94272K, reserved 1179648K
  class space    used 8981K, committed 9728K, reserved 1048576K
}
Event: 5133.427 GC heap before
{Heap before GC invocations=4413 (full 8):
 PSYoungGen      total 7168K, used 7152K [0x00000000d5580000, 0x00000000d6100000, 0x0000000100000000)
  eden space 6144K, 100% used [0x00000000d5580000,0x00000000d5b80000,0x00000000d5b80000)
  from space 1024K, 98% used [0x00000000d5b80000,0x00000000d5c7c010,0x00000000d5c80000)
  to   space 2048K, 0% used [0x00000000d5f00000,0x00000000d5f00000,0x00000000d6100000)
 ParOldGen       total 1129984K, used 1129930K [0x0000000080000000, 0x00000000c4f80000, 0x00000000d5580000)
  object space 1129984K, 99% used [0x0000000080000000,0x00000000c4f72b28,0x00000000c4f80000)
 Metaspace       used 92592K, committed 94272K, reserved 1179648K
  class space    used 8981K, committed 9728K, reserved 1048576K
}
Event: 5133.431 GC heap after
{Heap after GC invocations=4413 (full 8):
 PSYoungGen      total 7168K, used 916K [0x00000000d5580000, 0x00000000d6000000, 0x0000000100000000)
  eden space 6144K, 0% used [0x00000000d5580000,0x00000000d5580000,0x00000000d5b80000)
  from space 1024K, 89% used [0x00000000d5f00000,0x00000000d5fe5220,0x00000000d6000000)
  to   space 1536K, 0% used [0x00000000d5d00000,0x00000000d5d00000,0x00000000d5e80000)
 ParOldGen       total 1131008K, used 1130789K [0x0000000080000000, 0x00000000c5080000, 0x00000000d5580000)
  object space 1131008K, 99% used [0x0000000080000000,0x00000000c50494f8,0x00000000c5080000)
 Metaspace       used 92592K, committed 94272K, reserved 1179648K
  class space    used 8981K, committed 9728K, reserved 1048576K
}
Event: 5133.444 GC heap before
{Heap before GC invocations=4414 (full 8):
 PSYoungGen      total 7168K, used 7060K [0x00000000d5580000, 0x00000000d6000000, 0x0000000100000000)
  eden space 6144K, 100% used [0x00000000d5580000,0x00000000d5b80000,0x00000000d5b80000)
  from space 1024K, 89% used [0x00000000d5f00000,0x00000000d5fe5220,0x00000000d6000000)
  to   space 1536K, 0% used [0x00000000d5d00000,0x00000000d5d00000,0x00000000d5e80000)
 ParOldGen       total 1131008K, used 1130789K [0x0000000080000000, 0x00000000c5080000, 0x00000000d5580000)
  object space 1131008K, 99% used [0x0000000080000000,0x00000000c50494f8,0x00000000c5080000)
 Metaspace       used 92592K, committed 94272K, reserved 1179648K
  class space    used 8981K, committed 9728K, reserved 1048576K
}
Event: 5133.447 GC heap after
{Heap after GC invocations=4414 (full 8):
 PSYoungGen      total 7168K, used 1008K [0x00000000d5580000, 0x00000000d5f80000, 0x0000000100000000)
  eden space 6144K, 0% used [0x00000000d5580000,0x00000000d5580000,0x00000000d5b80000)
  from space 1024K, 98% used [0x00000000d5d00000,0x00000000d5dfc010,0x00000000d5e00000)
  to   space 1536K, 0% used [0x00000000d5e00000,0x00000000d5e00000,0x00000000d5f80000)
 ParOldGen       total 1132032K, used 1131529K [0x0000000080000000, 0x00000000c5180000, 0x00000000d5580000)
  object space 1132032K, 99% used [0x0000000080000000,0x00000000c51024a8,0x00000000c5180000)
 Metaspace       used 92592K, committed 94272K, reserved 1179648K
  class space    used 8981K, committed 9728K, reserved 1048576K
}
Event: 5224.622 GC heap before
{Heap before GC invocations=4415 (full 8):
 PSYoungGen      total 7168K, used 7152K [0x00000000d5580000, 0x00000000d5f80000, 0x0000000100000000)
  eden space 6144K, 99% used [0x00000000d5580000,0x00000000d5b7fff8,0x00000000d5b80000)
  from space 1024K, 98% used [0x00000000d5d00000,0x00000000d5dfc010,0x00000000d5e00000)
  to   space 1536K, 0% used [0x00000000d5e00000,0x00000000d5e00000,0x00000000d5f80000)
 ParOldGen       total 1132032K, used 1131529K [0x0000000080000000, 0x00000000c5180000, 0x00000000d5580000)
  object space 1132032K, 99% used [0x0000000080000000,0x00000000c51024a8,0x00000000c5180000)
 Metaspace       used 92610K, committed 94272K, reserved 1179648K
  class space    used 8981K, committed 9728K, reserved 1048576K
}
Event: 5224.804 GC heap after
{Heap after GC invocations=4415 (full 8):
 PSYoungGen      total 6656K, used 384K [0x00000000d5580000, 0x00000000d5e80000, 0x0000000100000000)
  eden space 6144K, 0% used [0x00000000d5580000,0x00000000d5580000,0x00000000d5b80000)
  from space 512K, 75% used [0x00000000d5e00000,0x00000000d5e60000,0x00000000d5e80000)
  to   space 1024K, 0% used [0x00000000d5c80000,0x00000000d5c80000,0x00000000d5d80000)
 ParOldGen       total 1132544K, used 1132377K [0x0000000080000000, 0x00000000c5200000, 0x00000000d5580000)
  object space 1132544K, 99% used [0x0000000080000000,0x00000000c51d6608,0x00000000c5200000)
 Metaspace       used 92610K, committed 94272K, reserved 1179648K
  class space    used 8981K, committed 9728K, reserved 1048576K
}

Dll operation events (11 events):
Event: 0.120 Loaded shared library c:\Users\PHONG\.vscode\extensions\redhat.java-1.44.0-win32-x64\jre\21.0.8-win32-x86_64\bin\java.dll
Event: 0.298 Loaded shared library c:\Users\PHONG\.vscode\extensions\redhat.java-1.44.0-win32-x64\jre\21.0.8-win32-x86_64\bin\zip.dll
Event: 0.333 Loaded shared library C:\Users\PHONG\.vscode\extensions\redhat.java-1.44.0-win32-x64\jre\21.0.8-win32-x86_64\bin\instrument.dll
Event: 0.342 Loaded shared library C:\Users\PHONG\.vscode\extensions\redhat.java-1.44.0-win32-x64\jre\21.0.8-win32-x86_64\bin\net.dll
Event: 0.348 Loaded shared library C:\Users\PHONG\.vscode\extensions\redhat.java-1.44.0-win32-x64\jre\21.0.8-win32-x86_64\bin\nio.dll
Event: 0.354 Loaded shared library C:\Users\PHONG\.vscode\extensions\redhat.java-1.44.0-win32-x64\jre\21.0.8-win32-x86_64\bin\zip.dll
Event: 0.388 Loaded shared library C:\Users\PHONG\.vscode\extensions\redhat.java-1.44.0-win32-x64\jre\21.0.8-win32-x86_64\bin\jimage.dll
Event: 0.510 Loaded shared library c:\Users\PHONG\.vscode\extensions\redhat.java-1.44.0-win32-x64\jre\21.0.8-win32-x86_64\bin\verify.dll
Event: 8.888 Loaded shared library C:\Users\PHONG\AppData\Roaming\Code\User\globalStorage\redhat.java\1.44.0\config_win\org.eclipse.equinox.launcher\org.eclipse.equinox.launcher.win32.win32.x86_64_1.2.1400.v20250730-1736\eclipse_11913.dll
Event: 21.492 Loaded shared library C:\Users\PHONG\AppData\Local\Temp\jna-76105040\jna13665822054780700482.dll
Event: 72.982 Loaded shared library C:\Users\PHONG\.vscode\extensions\redhat.java-1.44.0-win32-x64\jre\21.0.8-win32-x86_64\bin\sunmscapi.dll

Deoptimization events (20 events):
Event: 5128.701 Thread 0x000001c07e0f6600 DEOPT PACKING pc=0x000001c0600f7738 sp=0x000000902d9fde40
Event: 5128.701 Thread 0x000001c07e0f6600 DEOPT UNPACKING pc=0x000001c05ecb3aa2 sp=0x000000902d9fde08 mode 2
Event: 5128.701 Thread 0x000001c07e0f6600 Uncommon trap: trap_request=0xffffff45 fr.pc=0x000001c05fe803a0 relative=0x0000000000000080
Event: 5128.701 Thread 0x000001c07e0f6600 Uncommon trap: reason=unstable_if action=reinterpret pc=0x000001c05fe803a0 method=org.eclipse.jdt.internal.core.dom.util.DOMASTUtil.isNodeTypeSupportedinAST(IZI)Z @ 1 c2
Event: 5128.701 Thread 0x000001c07e0f6600 DEOPT PACKING pc=0x000001c05fe803a0 sp=0x000000902d9fdcc0
Event: 5128.701 Thread 0x000001c07e0f6600 DEOPT UNPACKING pc=0x000001c05ecb3aa2 sp=0x000000902d9fdc48 mode 2
Event: 5128.705 Thread 0x000001c07e0f6600 Uncommon trap: trap_request=0xffffff45 fr.pc=0x000001c05f88961c relative=0x000000000000239c
Event: 5128.705 Thread 0x000001c07e0f6600 Uncommon trap: reason=unstable_if action=reinterpret pc=0x000001c05f88961c method=org.eclipse.jdt.core.dom.ASTConverter.removeLeadingAndTrailingCommentsFromLiteral(Lorg/eclipse/jdt/core/dom/ASTNode;)V @ 33 c2
Event: 5128.705 Thread 0x000001c07e0f6600 DEOPT PACKING pc=0x000001c05f88961c sp=0x000000902d9fdde0
Event: 5128.706 Thread 0x000001c07e0f6600 DEOPT UNPACKING pc=0x000001c05ecb3aa2 sp=0x000000902d9fdd90 mode 2
Event: 5128.728 Thread 0x000001c07e0f6600 Uncommon trap: trap_request=0xffffff45 fr.pc=0x000001c0609de710 relative=0x0000000000000170
Event: 5128.728 Thread 0x000001c07e0f6600 Uncommon trap: reason=unstable_if action=reinterpret pc=0x000001c0609de710 method=org.eclipse.jdt.internal.corext.util.JavaModelUtil.isSameMethodSignature(Ljava/lang/String;[Ljava/lang/String;ZLorg/eclipse/jdt/core/IMethod;)Z @ 14 c2
Event: 5128.728 Thread 0x000001c07e0f6600 DEOPT PACKING pc=0x000001c0609de710 sp=0x000000902d9fed10
Event: 5128.728 Thread 0x000001c07e0f6600 DEOPT UNPACKING pc=0x000001c05ecb3aa2 sp=0x000000902d9fec80 mode 2
Event: 5128.729 Thread 0x000001c07e0f6600 Uncommon trap: trap_request=0xffffff45 fr.pc=0x000001c05fde5fcc relative=0x000000000000046c
Event: 5128.729 Thread 0x000001c07e0f6600 Uncommon trap: reason=unstable_if action=reinterpret pc=0x000001c05fde5fcc method=org.eclipse.jdt.core.Signature.getSimpleName(Ljava/lang/String;)Ljava/lang/String; @ 30 c2
Event: 5128.729 Thread 0x000001c07e0f6600 DEOPT PACKING pc=0x000001c05fde5fcc sp=0x000000902d9fec70
Event: 5128.729 Thread 0x000001c07e0f6600 DEOPT UNPACKING pc=0x000001c05ecb3aa2 sp=0x000000902d9fec10 mode 2
Event: 5132.374 Thread 0x000001c07e0f6600 DEOPT PACKING pc=0x000001c059e59cb8 sp=0x000000902d9fe1e0
Event: 5132.374 Thread 0x000001c07e0f6600 DEOPT UNPACKING pc=0x000001c05ecb4242 sp=0x000000902d9fd6b0 mode 0

Classes loaded (20 events):
Event: 4867.011 Loading class java/util/concurrent/ConcurrentHashMap$TreeNode
Event: 4867.016 Loading class java/util/concurrent/ConcurrentHashMap$TreeNode done
Event: 4867.017 Loading class java/util/concurrent/ConcurrentHashMap$TreeBin
Event: 4867.033 Loading class java/util/concurrent/ConcurrentHashMap$TreeBin done
Event: 4905.448 Loading class jdk/internal/module/IllegalAccessLogger
Event: 4905.449 Loading class jdk/internal/module/IllegalAccessLogger done
Event: 4997.526 Loading class jdk/internal/module/IllegalAccessLogger
Event: 4997.527 Loading class jdk/internal/module/IllegalAccessLogger done
Event: 5024.390 Loading class jdk/internal/module/IllegalAccessLogger
Event: 5024.390 Loading class jdk/internal/module/IllegalAccessLogger done
Event: 5085.620 Loading class jdk/internal/module/IllegalAccessLogger
Event: 5085.620 Loading class jdk/internal/module/IllegalAccessLogger done
Event: 5087.028 Loading class jdk/internal/module/IllegalAccessLogger
Event: 5087.028 Loading class jdk/internal/module/IllegalAccessLogger done
Event: 5110.553 Loading class java/nio/channels/CompletionHandler
Event: 5110.563 Loading class java/nio/channels/CompletionHandler done
Event: 5121.827 Loading class jdk/internal/module/IllegalAccessLogger
Event: 5121.827 Loading class jdk/internal/module/IllegalAccessLogger done
Event: 5124.921 Loading class jdk/internal/module/IllegalAccessLogger
Event: 5124.921 Loading class jdk/internal/module/IllegalAccessLogger done

Classes unloaded (20 events):
Event: 4046.426 Thread 0x000001c06b0a4920 Unloading class 0x000001c00100d800 'java/lang/invoke/LambdaForm$MH+0x000001c00100d800'
Event: 4046.426 Thread 0x000001c06b0a4920 Unloading class 0x000001c00100d400 'java/lang/invoke/LambdaForm$MH+0x000001c00100d400'
Event: 4046.427 Thread 0x000001c06b0a4920 Unloading class 0x000001c00100d000 'java/lang/invoke/LambdaForm$MH+0x000001c00100d000'
Event: 4046.427 Thread 0x000001c06b0a4920 Unloading class 0x000001c00100cc00 'java/lang/invoke/LambdaForm$MH+0x000001c00100cc00'
Event: 4046.427 Thread 0x000001c06b0a4920 Unloading class 0x000001c00100c800 'java/lang/invoke/LambdaForm$BMH+0x000001c00100c800'
Event: 4046.427 Thread 0x000001c06b0a4920 Unloading class 0x000001c00100c000 'java/lang/invoke/LambdaForm$DMH+0x000001c00100c000'
Event: 4046.427 Thread 0x000001c06b0a4920 Unloading class 0x000001c001008c00 'java/lang/invoke/LambdaForm$MH+0x000001c001008c00'
Event: 4046.427 Thread 0x000001c06b0a4920 Unloading class 0x000001c001008800 'java/lang/invoke/LambdaForm$MH+0x000001c001008800'
Event: 4046.427 Thread 0x000001c06b0a4920 Unloading class 0x000001c001008400 'java/lang/invoke/LambdaForm$MH+0x000001c001008400'
Event: 4046.427 Thread 0x000001c06b0a4920 Unloading class 0x000001c001007000 'java/lang/invoke/LambdaForm$MH+0x000001c001007000'
Event: 4046.427 Thread 0x000001c06b0a4920 Unloading class 0x000001c001006800 'java/lang/invoke/LambdaForm$MH+0x000001c001006800'
Event: 4046.427 Thread 0x000001c06b0a4920 Unloading class 0x000001c001006400 'java/lang/invoke/LambdaForm$MH+0x000001c001006400'
Event: 4046.427 Thread 0x000001c06b0a4920 Unloading class 0x000001c001006000 'java/lang/invoke/LambdaForm$MH+0x000001c001006000'
Event: 4046.427 Thread 0x000001c06b0a4920 Unloading class 0x000001c001005c00 'java/lang/invoke/LambdaForm$BMH+0x000001c001005c00'
Event: 4046.427 Thread 0x000001c06b0a4920 Unloading class 0x000001c001004800 'java/lang/invoke/LambdaForm$DMH+0x000001c001004800'
Event: 4046.427 Thread 0x000001c06b0a4920 Unloading class 0x000001c001002800 'java/lang/invoke/LambdaForm$MH+0x000001c001002800'
Event: 4046.428 Thread 0x000001c06b0a4920 Unloading class 0x000001c001002400 'java/lang/invoke/LambdaForm$MH+0x000001c001002400'
Event: 4046.428 Thread 0x000001c06b0a4920 Unloading class 0x000001c001002000 'java/lang/invoke/LambdaForm$MH+0x000001c001002000'
Event: 4046.428 Thread 0x000001c06b0a4920 Unloading class 0x000001c001001800 'java/lang/invoke/LambdaForm$MH+0x000001c001001800'
Event: 4046.428 Thread 0x000001c06b0a4920 Unloading class 0x000001c001000400 'java/lang/invoke/LambdaForm$MH+0x000001c001000400'

Classes redefined (0 events):
No events

Internal exceptions (20 events):
Event: 4867.047 Thread 0x000001c0730963e0 Implicit null exception at 0x000001c05fc02f24 to 0x000001c05fc038fc
Event: 4867.047 Thread 0x000001c0730963e0 Implicit null exception at 0x000001c0600bd862 to 0x000001c0600be754
Event: 4867.047 Thread 0x000001c0730963e0 Implicit null exception at 0x000001c0600bbf9a to 0x000001c0600bc8a0
Event: 4905.435 Thread 0x000001c0726fac60 Exception <a 'sun/nio/fs/WindowsException'{0x00000000d5675d28}> (0x00000000d5675d28) 
thrown [s\src\hotspot\share\prims\jni.cpp, line 520]
Event: 4905.703 Thread 0x000001c0726fac60 Exception <a 'sun/nio/fs/WindowsException'{0x00000000d5924a38}> (0x00000000d5924a38) 
thrown [s\src\hotspot\share\prims\jni.cpp, line 520]
Event: 4967.672 Thread 0x000001c0730956c0 Implicit null exception at 0x000001c060af1c6c to 0x000001c060af4968
Event: 4997.426 Thread 0x000001c0726fac60 Exception <a 'sun/nio/fs/WindowsException'{0x00000000d59f21d8}> (0x00000000d59f21d8) 
thrown [s\src\hotspot\share\prims\jni.cpp, line 520]
Event: 4997.639 Thread 0x000001c0726fac60 Exception <a 'sun/nio/fs/WindowsException'{0x00000000d567bc30}> (0x00000000d567bc30) 
thrown [s\src\hotspot\share\prims\jni.cpp, line 520]
Event: 5024.288 Thread 0x000001c0726fac60 Exception <a 'sun/nio/fs/WindowsException'{0x00000000d573ea88}> (0x00000000d573ea88) 
thrown [s\src\hotspot\share\prims\jni.cpp, line 520]
Event: 5024.513 Thread 0x000001c0726fac60 Exception <a 'sun/nio/fs/WindowsException'{0x00000000d55de070}> (0x00000000d55de070) 
thrown [s\src\hotspot\share\prims\jni.cpp, line 520]
Event: 5028.115 Thread 0x000001c07e0f6600 Implicit null exception at 0x000001c05f868c47 to 0x000001c05f86b474
Event: 5076.255 Thread 0x000001c07e0f6600 Exception <a 'java/lang/ClassNotFoundException'{0x00000000d5705208}: sun/net/www/protocol/jdt/Handler> (0x00000000d5705208) 
thrown [s\src\hotspot\share\classfile\systemDictionary.cpp, line 312]
Event: 5085.399 Thread 0x000001c0726fac60 Exception <a 'sun/nio/fs/WindowsException'{0x00000000d57df5a8}> (0x00000000d57df5a8) 
thrown [s\src\hotspot\share\prims\jni.cpp, line 520]
Event: 5085.585 Thread 0x000001c0726fac60 Exception <a 'sun/nio/fs/WindowsException'{0x00000000d57d29b0}> (0x00000000d57d29b0) 
thrown [s\src\hotspot\share\prims\jni.cpp, line 520]
Event: 5120.650 Thread 0x000001c07e10f890 Exception <a 'java/lang/ArrayIndexOutOfBoundsException'{0x00000000d59069f0}: Index 3280 out of bounds for length 3280> (0x00000000d59069f0) 
thrown [s\src\hotspot\share\interpreter\interpreterRuntime.cpp, line 439]
Event: 5120.900 Thread 0x000001c07e0f5f70 Exception <a 'java/lang/ArrayIndexOutOfBoundsException'{0x00000000d558f018}: Index 3664 out of bounds for length 3664> (0x00000000d558f018) 
thrown [s\src\hotspot\share\interpreter\interpreterRuntime.cpp, line 439]
Event: 5122.516 Thread 0x000001c0726fac60 Exception <a 'sun/nio/fs/WindowsException'{0x00000000d5836400}> (0x00000000d5836400) 
thrown [s\src\hotspot\share\prims\jni.cpp, line 520]
Event: 5123.210 Thread 0x000001c0726fac60 Exception <a 'sun/nio/fs/WindowsException'{0x00000000d55899f0}> (0x00000000d55899f0) 
thrown [s\src\hotspot\share\prims\jni.cpp, line 520]
Event: 5124.854 Thread 0x000001c0726fac60 Exception <a 'sun/nio/fs/WindowsException'{0x00000000d59f47d0}> (0x00000000d59f47d0) 
thrown [s\src\hotspot\share\prims\jni.cpp, line 520]
Event: 5125.104 Thread 0x000001c0726fac60 Exception <a 'sun/nio/fs/WindowsException'{0x00000000d57e8440}> (0x00000000d57e8440) 
thrown [s\src\hotspot\share\prims\jni.cpp, line 520]

ZGC Phase Switch (0 events):
No events

VM Operations (20 events):
Event: 5133.082 Executing VM operation: ParallelGCFailedAllocation (Allocation Failure)
Event: 5133.093 Executing VM operation: ParallelGCFailedAllocation (Allocation Failure) done
Event: 5133.113 Executing VM operation: ParallelGCFailedAllocation (Allocation Failure)
Event: 5133.117 Executing VM operation: ParallelGCFailedAllocation (Allocation Failure) done
Event: 5133.134 Executing VM operation: ParallelGCFailedAllocation (Allocation Failure)
Event: 5133.138 Executing VM operation: ParallelGCFailedAllocation (Allocation Failure) done
Event: 5133.152 Executing VM operation: ParallelGCFailedAllocation (Allocation Failure)
Event: 5133.157 Executing VM operation: ParallelGCFailedAllocation (Allocation Failure) done
Event: 5133.427 Executing VM operation: ParallelGCFailedAllocation (Allocation Failure)
Event: 5133.431 Executing VM operation: ParallelGCFailedAllocation (Allocation Failure) done
Event: 5133.444 Executing VM operation: ParallelGCFailedAllocation (Allocation Failure)
Event: 5133.447 Executing VM operation: ParallelGCFailedAllocation (Allocation Failure) done
Event: 5135.448 Executing VM operation: Cleanup
Event: 5135.481 Executing VM operation: Cleanup done
Event: 5174.375 Executing VM operation: HandshakeAllThreads (HandshakeForDeflation)
Event: 5174.378 Executing VM operation: HandshakeAllThreads (HandshakeForDeflation) done
Event: 5174.378 Executing VM operation: RendezvousGCThreads
Event: 5174.378 Executing VM operation: RendezvousGCThreads done
Event: 5224.604 Executing VM operation: ParallelGCFailedAllocation (Allocation Failure)
Event: 5224.804 Executing VM operation: ParallelGCFailedAllocation (Allocation Failure) done

Memory protections (0 events):
No events

Nmethod flushes (20 events):
Event: 4897.877 Thread 0x000001c06b0a4920 flushing  nmethod 0x000001c05a8abc10
Event: 4897.877 Thread 0x000001c06b0a4920 flushing  nmethod 0x000001c05a922810
Event: 4897.877 Thread 0x000001c06b0a4920 flushing  nmethod 0x000001c05a927610
Event: 4897.877 Thread 0x000001c06b0a4920 flushing  nmethod 0x000001c05a92cb90
Event: 4897.877 Thread 0x000001c06b0a4920 flushing  nmethod 0x000001c05a95aa90
Event: 4897.877 Thread 0x000001c06b0a4920 flushing  nmethod 0x000001c05a961590
Event: 4897.877 Thread 0x000001c06b0a4920 flushing  nmethod 0x000001c05a963790
Event: 4897.877 Thread 0x000001c06b0a4920 flushing  nmethod 0x000001c05a965410
Event: 4897.877 Thread 0x000001c06b0a4920 flushing  nmethod 0x000001c05a967c10
Event: 4897.877 Thread 0x000001c06b0a4920 flushing  nmethod 0x000001c05a98eb10
Event: 4897.877 Thread 0x000001c06b0a4920 flushing  nmethod 0x000001c05a9b1d90
Event: 4897.877 Thread 0x000001c06b0a4920 flushing  nmethod 0x000001c05a9bab90
Event: 4897.877 Thread 0x000001c06b0a4920 flushing  nmethod 0x000001c05a9fd790
Event: 4897.877 Thread 0x000001c06b0a4920 flushing  nmethod 0x000001c05aa0fc90
Event: 4897.878 Thread 0x000001c06b0a4920 flushing  nmethod 0x000001c05aa37f10
Event: 4897.878 Thread 0x000001c06b0a4920 flushing  nmethod 0x000001c05ab05e90
Event: 4897.878 Thread 0x000001c06b0a4920 flushing  nmethod 0x000001c05ab7b190
Event: 4897.878 Thread 0x000001c06b0a4920 flushing  nmethod 0x000001c05ab8a110
Event: 4897.878 Thread 0x000001c06b0a4920 flushing  nmethod 0x000001c05ab8bd10
Event: 4897.878 Thread 0x000001c06b0a4920 flushing  nmethod 0x000001c05abf2e90

Events (20 events):
Event: 5135.484 Thread 0x000001c07e110c40 Thread exited: 0x000001c07e110c40
Event: 5146.106 Thread 0x000001c07e111ff0 Thread exited: 0x000001c07e111ff0
Event: 5146.128 Thread 0x000001c07e111960 Thread exited: 0x000001c07e111960
Event: 5184.970 Thread 0x000001c0726fb980 Thread exited: 0x000001c0726fb980
Event: 5195.220 Thread 0x000001c07e1140c0 Thread exited: 0x000001c07e1140c0
Event: 5195.221 Thread 0x000001c0726f8b90 Thread exited: 0x000001c0726f8b90
Event: 5198.735 Thread 0x000001c07e0f6600 Thread exited: 0x000001c07e0f6600
Event: 5205.400 Thread 0x000001c07e0f10b0 Thread exited: 0x000001c07e0f10b0
Event: 5258.869 Thread 0x000001c07e0eefe0 Thread exited: 0x000001c07e0eefe0
Event: 5297.498 Thread 0x000001c07e0f3810 Thread exited: 0x000001c07e0f3810
Event: 5318.846 Thread 0x000001c07e0f2460 Thread exited: 0x000001c07e0f2460
Event: 5324.372 Thread 0x000001c07e0f5250 Thread exited: 0x000001c07e0f5250
Event: 5378.860 Thread 0x000001c073094310 Thread exited: 0x000001c073094310
Event: 5385.571 Thread 0x000001c0726fa5d0 Thread exited: 0x000001c0726fa5d0
Event: 5387.018 Thread 0x000001c07e10ff20 Thread exited: 0x000001c07e10ff20
Event: 5421.806 Thread 0x000001c07e10caa0 Thread exited: 0x000001c07e10caa0
Event: 5421.899 Thread 0x000001c07e1112d0 Thread exited: 0x000001c07e1112d0
Event: 5424.918 Thread 0x000001c07e1133a0 Thread exited: 0x000001c07e1133a0
Event: 5438.873 Thread 0x000001c07e112680 Thread exited: 0x000001c07e112680
Event: 5498.901 Thread 0x000001c07493d2d0 Thread exited: 0x000001c07493d2d0


Dynamic libraries:
0x00007ff6e5920000 - 0x00007ff6e592e000 	c:\Users\PHONG\.vscode\extensions\redhat.java-1.44.0-win32-x64\jre\21.0.8-win32-x86_64\bin\java.exe
0x00007ffb40800000 - 0x00007ffb40a67000 	C:\WINDOWS\SYSTEM32\ntdll.dll
0x00007ffb3fd20000 - 0x00007ffb3fde9000 	C:\WINDOWS\System32\KERNEL32.DLL
0x00007ffb3da80000 - 0x00007ffb3de70000 	C:\WINDOWS\System32\KERNELBASE.dll
0x00007ffb3d930000 - 0x00007ffb3da7b000 	C:\WINDOWS\System32\ucrtbase.dll
0x00007ffb21f40000 - 0x00007ffb21f58000 	c:\Users\PHONG\.vscode\extensions\redhat.java-1.44.0-win32-x64\jre\21.0.8-win32-x86_64\bin\jli.dll
0x00007ffb259b0000 - 0x00007ffb259ce000 	c:\Users\PHONG\.vscode\extensions\redhat.java-1.44.0-win32-x64\jre\21.0.8-win32-x86_64\bin\VCRUNTIME140.dll
0x00007ffb3ff00000 - 0x00007ffb400c5000 	C:\WINDOWS\System32\USER32.dll
0x00007ffb3cb20000 - 0x00007ffb3cdba000 	C:\WINDOWS\WinSxS\amd64_microsoft.windows.common-controls_6595b64144ccf1df_6.0.26100.4768_none_3e0c112ce331287c\COMCTL32.dll
0x00007ffb3df40000 - 0x00007ffb3df67000 	C:\WINDOWS\System32\win32u.dll
0x00007ffb3fdf0000 - 0x00007ffb3fe99000 	C:\WINDOWS\System32\msvcrt.dll
0x00007ffb400d0000 - 0x00007ffb400fb000 	C:\WINDOWS\System32\GDI32.dll
0x00007ffb3e020000 - 0x00007ffb3e158000 	C:\WINDOWS\System32\gdi32full.dll
0x00007ffb3df70000 - 0x00007ffb3e013000 	C:\WINDOWS\System32\msvcp_win.dll
0x00007ffb3f050000 - 0x00007ffb3f07f000 	C:\WINDOWS\System32\IMM32.DLL
0x00007ffb25cb0000 - 0x00007ffb25cbc000 	c:\Users\PHONG\.vscode\extensions\redhat.java-1.44.0-win32-x64\jre\21.0.8-win32-x86_64\bin\vcruntime140_1.dll
0x00007ffb0d6f0000 - 0x00007ffb0d77d000 	c:\Users\PHONG\.vscode\extensions\redhat.java-1.44.0-win32-x64\jre\21.0.8-win32-x86_64\bin\msvcp140.dll
0x00007ffab87d0000 - 0x00007ffab9567000 	c:\Users\PHONG\.vscode\extensions\redhat.java-1.44.0-win32-x64\jre\21.0.8-win32-x86_64\bin\server\jvm.dll
0x00007ffb40700000 - 0x00007ffb407b4000 	C:\WINDOWS\System32\ADVAPI32.dll
0x00007ffb3f8b0000 - 0x00007ffb3f956000 	C:\WINDOWS\System32\sechost.dll
0x00007ffb3f720000 - 0x00007ffb3f838000 	C:\WINDOWS\System32\RPCRT4.dll
0x00007ffb40180000 - 0x00007ffb401f4000 	C:\WINDOWS\System32\WS2_32.dll
0x00007ffb3d790000 - 0x00007ffb3d7ee000 	C:\WINDOWS\SYSTEM32\POWRPROF.dll
0x00007ffb2e6a0000 - 0x00007ffb2e6d5000 	C:\WINDOWS\SYSTEM32\WINMM.dll
0x00007ffb3bf70000 - 0x00007ffb3bf7b000 	C:\WINDOWS\SYSTEM32\VERSION.dll
0x00007ffb3d770000 - 0x00007ffb3d784000 	C:\WINDOWS\SYSTEM32\UMPDC.dll
0x00007ffb3c920000 - 0x00007ffb3c93b000 	C:\WINDOWS\SYSTEM32\kernel.appcore.dll
0x00007ffb259a0000 - 0x00007ffb259aa000 	c:\Users\PHONG\.vscode\extensions\redhat.java-1.44.0-win32-x64\jre\21.0.8-win32-x86_64\bin\jimage.dll
0x00007ffb3d0f0000 - 0x00007ffb3d331000 	C:\WINDOWS\SYSTEM32\DBGHELP.DLL
0x00007ffb3f200000 - 0x00007ffb3f585000 	C:\WINDOWS\System32\combase.dll
0x00007ffb3fc30000 - 0x00007ffb3fd10000 	C:\WINDOWS\System32\OLEAUT32.dll
0x00007ffb3cfd0000 - 0x00007ffb3d013000 	C:\WINDOWS\SYSTEM32\dbgcore.DLL
0x00007ffb3e2e0000 - 0x00007ffb3e379000 	C:\WINDOWS\System32\bcryptPrimitives.dll
0x00007ffb208a0000 - 0x00007ffb208af000 	c:\Users\PHONG\.vscode\extensions\redhat.java-1.44.0-win32-x64\jre\21.0.8-win32-x86_64\bin\instrument.dll
0x00007ffb1de90000 - 0x00007ffb1deaf000 	c:\Users\PHONG\.vscode\extensions\redhat.java-1.44.0-win32-x64\jre\21.0.8-win32-x86_64\bin\java.dll
0x00007ffb3e710000 - 0x00007ffb3ee5d000 	C:\WINDOWS\System32\SHELL32.dll
0x00007ffb3e160000 - 0x00007ffb3e2d3000 	C:\WINDOWS\System32\wintypes.dll
0x00007ffb3a4f0000 - 0x00007ffb3ad4f000 	C:\WINDOWS\SYSTEM32\windows.storage.dll
0x00007ffb3f620000 - 0x00007ffb3f715000 	C:\WINDOWS\System32\SHCORE.dll
0x00007ffb3f840000 - 0x00007ffb3f8aa000 	C:\WINDOWS\System32\shlwapi.dll
0x00007ffb3d850000 - 0x00007ffb3d879000 	C:\WINDOWS\SYSTEM32\profapi.dll
0x00007ffb1de30000 - 0x00007ffb1de48000 	c:\Users\PHONG\.vscode\extensions\redhat.java-1.44.0-win32-x64\jre\21.0.8-win32-x86_64\bin\zip.dll
0x00007ffb1f960000 - 0x00007ffb1f970000 	C:\Users\PHONG\.vscode\extensions\redhat.java-1.44.0-win32-x64\jre\21.0.8-win32-x86_64\bin\net.dll
0x00007ffb36220000 - 0x00007ffb3633e000 	C:\WINDOWS\SYSTEM32\WINHTTP.dll
0x00007ffb3bb50000 - 0x00007ffb3bbbb000 	C:\WINDOWS\system32\mswsock.dll
0x00007ffb1dd90000 - 0x00007ffb1dda6000 	C:\Users\PHONG\.vscode\extensions\redhat.java-1.44.0-win32-x64\jre\21.0.8-win32-x86_64\bin\nio.dll
0x00007ffb1de80000 - 0x00007ffb1de90000 	c:\Users\PHONG\.vscode\extensions\redhat.java-1.44.0-win32-x64\jre\21.0.8-win32-x86_64\bin\verify.dll
0x00007ffb0db90000 - 0x00007ffb0dbd5000 	C:\Users\PHONG\AppData\Roaming\Code\User\globalStorage\redhat.java\1.44.0\config_win\org.eclipse.equinox.launcher\org.eclipse.equinox.launcher.win32.win32.x86_64_1.2.1400.v20250730-1736\eclipse_11913.dll
0x00007ffb3fa70000 - 0x00007ffb3fc10000 	C:\WINDOWS\System32\ole32.dll
0x00007ffb3d460000 - 0x00007ffb3d47b000 	C:\WINDOWS\SYSTEM32\CRYPTSP.dll
0x00007ffb3b5f0000 - 0x00007ffb3b62b000 	C:\WINDOWS\system32\rsaenh.dll
0x00007ffb3bbf0000 - 0x00007ffb3bc1b000 	C:\WINDOWS\SYSTEM32\USERENV.dll
0x00007ffb3d820000 - 0x00007ffb3d846000 	C:\WINDOWS\SYSTEM32\bcrypt.dll
0x00007ffb3bf10000 - 0x00007ffb3bf1c000 	C:\WINDOWS\SYSTEM32\CRYPTBASE.dll
0x00007ffb3b130000 - 0x00007ffb3b163000 	C:\WINDOWS\SYSTEM32\IPHLPAPI.DLL
0x00007ffb40260000 - 0x00007ffb4026a000 	C:\WINDOWS\System32\NSI.dll
0x00007ffb059d0000 - 0x00007ffb05a19000 	C:\Users\PHONG\AppData\Local\Temp\jna-76105040\jna13665822054780700482.dll
0x00007ffb3fef0000 - 0x00007ffb3fef8000 	C:\WINDOWS\System32\PSAPI.DLL
0x00007ffb36420000 - 0x00007ffb3643f000 	C:\WINDOWS\SYSTEM32\dhcpcsvc6.DLL
0x00007ffb36370000 - 0x00007ffb36395000 	C:\WINDOWS\SYSTEM32\dhcpcsvc.DLL
0x00007ffb3d0b0000 - 0x00007ffb3d0e6000 	C:\WINDOWS\SYSTEM32\ntmarta.dll
0x00007ffb26910000 - 0x00007ffb2691e000 	C:\Users\PHONG\.vscode\extensions\redhat.java-1.44.0-win32-x64\jre\21.0.8-win32-x86_64\bin\sunmscapi.dll
0x00007ffb3e380000 - 0x00007ffb3e4f7000 	C:\WINDOWS\System32\CRYPT32.dll
0x00007ffb3c9d0000 - 0x00007ffb3ca00000 	C:\WINDOWS\SYSTEM32\ncrypt.dll
0x00007ffb3c8c0000 - 0x00007ffb3c8ff000 	C:\WINDOWS\SYSTEM32\NTASN1.dll

JVMTI agents:
c:\Users\PHONG\.vscode\extensions\redhat.java-1.44.0-win32-x64\lombok\lombok-1.18.39-4050.jar path:c:\Users\PHONG\.vscode\extensions\redhat.java-1.44.0-win32-x64\jre\21.0.8-win32-x86_64\bin\instrument.dll, loaded, initialized, instrumentlib options:none

dbghelp: loaded successfully - version: 4.0.5 - missing functions: none
symbol engine: initialized successfully - sym options: 0x614 - pdb path: .;c:\Users\PHONG\.vscode\extensions\redhat.java-1.44.0-win32-x64\jre\21.0.8-win32-x86_64\bin;C:\WINDOWS\SYSTEM32;C:\WINDOWS\WinSxS\amd64_microsoft.windows.common-controls_6595b64144ccf1df_6.0.26100.4768_none_3e0c112ce331287c;c:\Users\PHONG\.vscode\extensions\redhat.java-1.44.0-win32-x64\jre\21.0.8-win32-x86_64\bin\server;C:\Users\PHONG\AppData\Roaming\Code\User\globalStorage\redhat.java\1.44.0\config_win\org.eclipse.equinox.launcher\org.eclipse.equinox.launcher.win32.win32.x86_64_1.2.1400.v20250730-1736;C:\Users\PHONG\AppData\Local\Temp\jna-76105040

VM Arguments:
jvm_args: --add-modules=ALL-SYSTEM --add-opens=java.base/java.util=ALL-UNNAMED --add-opens=java.base/java.lang=ALL-UNNAMED --add-opens=java.base/sun.nio.fs=ALL-UNNAMED -Declipse.application=org.eclipse.jdt.ls.core.id1 -Dosgi.bundles.defaultStartLevel=4 -Declipse.product=org.eclipse.jdt.ls.core.product -Djava.import.generatesMetadataFilesAtProjectRoot=false -DDetectVMInstallationsJob.disabled=true -Dfile.encoding=utf8 -XX:+UseParallelGC -XX:GCTimeRatio=4 -XX:AdaptiveSizePolicyWeight=90 -Dsun.zip.disableMemoryMapping=true -Xmx2G -Xms100m -Xlog:disable -javaagent:c:\Users\PHONG\.vscode\extensions\redhat.java-1.44.0-win32-x64\lombok\lombok-1.18.39-4050.jar -XX:+HeapDumpOnOutOfMemoryError -XX:HeapDumpPath=c:\Users\PHONG\AppData\Roaming\Code\User\workspaceStorage\0b8d90799894e66a5c234ba1ff12f555\redhat.java -Daether.dependencyCollector.impl=bf 
java_command: c:\Users\PHONG\.vscode\extensions\redhat.java-1.44.0-win32-x64\server\plugins\org.eclipse.equinox.launcher_1.7.0.v20250519-0528.jar -configuration c:\Users\PHONG\AppData\Roaming\Code\User\globalStorage\redhat.java\1.44.0\config_win -data c:\Users\PHONG\AppData\Roaming\Code\User\workspaceStorage\0b8d90799894e66a5c234ba1ff12f555\redhat.java\jdt_ws --pipe=\\.\pipe\lsp-ecc48af0d8de98e0c0c0c00efee1c6aa-sock
java_class_path (initial): c:\Users\PHONG\.vscode\extensions\redhat.java-1.44.0-win32-x64\server\plugins\org.eclipse.equinox.launcher_1.7.0.v20250519-0528.jar
Launcher Type: SUN_STANDARD

[Global flags]
    uintx AdaptiveSizePolicyWeight                 = 90                                        {product} {command line}
     intx CICompilerCount                          = 12                                        {product} {ergonomic}
    uintx GCTimeRatio                              = 4                                         {product} {command line}
     bool HeapDumpOnOutOfMemoryError               = true                                   {manageable} {command line}
    ccstr HeapDumpPath                             = c:\Users\PHONG\AppData\Roaming\Code\User\workspaceStorage\0b8d90799894e66a5c234ba1ff12f555\redhat.java         {manageable} {command line}
   size_t InitialHeapSize                          = 104857600                                 {product} {command line}
   size_t MaxHeapSize                              = 2147483648                                {product} {command line}
   size_t MaxNewSize                               = 715653120                                 {product} {ergonomic}
   size_t MinHeapDeltaBytes                        = 524288                                    {product} {ergonomic}
   size_t MinHeapSize                              = 104857600                                 {product} {command line}
   size_t NewSize                                  = 34603008                                  {product} {ergonomic}
    uintx NonNMethodCodeHeapSize                   = 7602480                                {pd product} {ergonomic}
    uintx NonProfiledCodeHeapSize                  = 122027880                              {pd product} {ergonomic}
   size_t OldSize                                  = 70254592                                  {product} {ergonomic}
    uintx ProfiledCodeHeapSize                     = 122027880                              {pd product} {ergonomic}
    uintx ReservedCodeCacheSize                    = 251658240                              {pd product} {ergonomic}
     bool SegmentedCodeCache                       = true                                      {product} {ergonomic}
   size_t SoftMaxHeapSize                          = 2147483648                             {manageable} {ergonomic}
     bool UseCompressedOops                        = true                           {product lp64_product} {ergonomic}
     bool UseLargePagesIndividualAllocation        = false                                  {pd product} {ergonomic}
     bool UseParallelGC                            = true                                      {product} {command line}

Logging:
Log output configuration:
 #0: stdout all=off uptime,level,tags foldmultilines=false
 #1: stderr all=off uptime,level,tags foldmultilines=false

Environment Variables:
PATH=C:\Program Files\Common Files\Oracle\Java\javapath;C:\WINDOWS\system32;C:\WINDOWS;C:\WINDOWS\System32\Wbem;C:\WINDOWS\System32\WindowsPowerShell\v1.0\;C:\WINDOWS\System32\OpenSSH\;C:\Program Files (x86)\Microsoft SQL Server\150\DTS\Binn\;C:\Program Files\Microsoft SQL Server\150\DTS\Binn\;C:\Program Files\Microsoft SQL Server\Client SDK\ODBC\170\Tools\Binn\;C:\Program Files (x86)\Microsoft SQL Server\150\Tools\Binn\;C:\Program Files\Microsoft SQL Server\150\Tools\Binn\;C:\Program Files (x86)\Microsoft SQL Server\160\DTS\Binn\;C:\Program Files\Azure Data Studio\bin;C:\Program Files\Git\cmd;C:\Program Files\nodejs\;C:\Program Files\Docker\Docker\resources\bin;C:\Program Files\Cloudflare\Cloudflare WARP\;C:\Program Files\dotnet\;C:\Users\PHONG\AppData\Local\Programs\Python\Python313\Scripts\;C:\Users\PHONG\AppData\Local\Programs\Python\Python313\;C:\Users\PHONG\AppData\Local\Programs\Python\Launcher\;C:\Users\PHONG\AppData\Local\Microsoft\WindowsApps;;C:\Program Files\JetBrains\IntelliJ IDEA 2024.3.1\bin;;C:\Program Files\Azure Data Studio\bin;C:\Users\PHONG\AppData\Local\Programs\Microsoft VS Code\bin;C:\Users\PHONG\AppData\Roaming\npm;C:\Users\PHONG\AppData\Local\Programs\Azure Data Studio\bin;C:\Users\PHONG\AppData\Local\Programs\cursor\resources\app\bin;C:\Users\PHONG\.dotnet\tools
USERNAME=PHONG
OS=Windows_NT
PROCESSOR_IDENTIFIER=AMD64 Family 25 Model 68 Stepping 1, AuthenticAMD
TMP=C:\Users\PHONG\AppData\Local\Temp
TEMP=C:\Users\PHONG\AppData\Local\Temp




Periodic native trim disabled

---------------  S Y S T E M  ---------------

OS:
 Windows 11 , 64 bit Build 26100 (10.0.26100.4768)
OS uptime: 0 days 19:59 hours
Hyper-V role detected

CPU: total 16 (initial active 16) (16 cores per cpu, 2 threads per core) family 25 model 68 stepping 1 microcode 0xa404107, cx8, cmov, fxsr, ht, mmx, 3dnowpref, sse, sse2, sse3, ssse3, sse4a, sse4.1, sse4.2, popcnt, lzcnt, tsc, tscinvbit, avx, avx2, aes, erms, clmul, bmi1, bmi2, adx, sha, fma, vzeroupper, clflush, clflushopt, hv, rdtscp, rdpid, fsrm, f16c, cet_ss
Processor Information for processor 0
  Max Mhz: 3201, Current Mhz: 2566, Mhz Limit: 3201
Processor Information for processor 1
  Max Mhz: 3201, Current Mhz: 2566, Mhz Limit: 3201
Processor Information for processor 2
  Max Mhz: 3201, Current Mhz: 3201, Mhz Limit: 3201
Processor Information for processor 3
  Max Mhz: 3201, Current Mhz: 2566, Mhz Limit: 3201
Processor Information for processor 4
  Max Mhz: 3201, Current Mhz: 2566, Mhz Limit: 3201
Processor Information for processor 5
  Max Mhz: 3201, Current Mhz: 2566, Mhz Limit: 3201
Processor Information for processor 6
  Max Mhz: 3201, Current Mhz: 2566, Mhz Limit: 3201
Processor Information for processor 7
  Max Mhz: 3201, Current Mhz: 2566, Mhz Limit: 3201
Processor Information for processor 8
  Max Mhz: 3201, Current Mhz: 2566, Mhz Limit: 3201
Processor Information for processor 9
  Max Mhz: 3201, Current Mhz: 2566, Mhz Limit: 3201
Processor Information for processor 10
  Max Mhz: 3201, Current Mhz: 2566, Mhz Limit: 3201
Processor Information for processor 11
  Max Mhz: 3201, Current Mhz: 2566, Mhz Limit: 3201
Processor Information for processor 12
  Max Mhz: 3201, Current Mhz: 2566, Mhz Limit: 3201
Processor Information for processor 13
  Max Mhz: 3201, Current Mhz: 2566, Mhz Limit: 3201
Processor Information for processor 14
  Max Mhz: 3201, Current Mhz: 2566, Mhz Limit: 3201
Processor Information for processor 15
  Max Mhz: 3201, Current Mhz: 2566, Mhz Limit: 3201

Memory: 4k page, system-wide physical 7365M (480M free)
TotalPageFile size 29893M (AvailPageFile size 46M)
current process WorkingSet (physical memory assigned to process): 9M, peak: 677M
current process commit charge ("private bytes"): 1554M, peak: 1823M

vm_info: OpenJDK 64-Bit Server VM (21.0.8+9-LTS) for windows-amd64 JRE (21.0.8+9-LTS), built on 2025-07-15T00:00:00Z by "admin" with MS VC++ 17.7 (VS2022)

END.
